2024-11-13 19:03:03,333 [Worker-0: Loading available Gradle versions] INFO  o.e.b.c.i.u.g.PublishedGradleVersions - Gradle version information cache is up-to-date. Trying to read.
2024-11-13 19:04:11,077 [Worker-12: Launching mavenrun-05477ca0-8cb6-4845-912e-d348b8493298] INFO  o.eclipse.m2e.core.internal.Bundles - getClasspathEntries(Bundle=org.eclipse.m2e.maven.runtime_3.9.900.20240824-1409 [297])
2024-11-13 19:04:11,080 [Worker-12: Launching mavenrun-05477ca0-8cb6-4845-912e-d348b8493298] INFO  o.eclipse.m2e.core.internal.Bundles - 	Entry: C:\Users\Asus\.p2\pool\plugins\org.eclipse.m2e.maven.runtime_3.9.900.20240824-1409
2024-11-13 19:04:11,080 [Worker-12: Launching mavenrun-05477ca0-8cb6-4845-912e-d348b8493298] INFO  o.eclipse.m2e.core.internal.Bundles - 	Entry: C:\Users\Asus\.p2\pool\plugins\org.eclipse.m2e.maven.runtime_3.9.900.20240824-1409\jars\aopalliance-1.0.jar
2024-11-13 19:04:11,080 [Worker-12: Launching mavenrun-05477ca0-8cb6-4845-912e-d348b8493298] INFO  o.eclipse.m2e.core.internal.Bundles - 	Entry: C:\Users\Asus\.p2\pool\plugins\org.eclipse.m2e.maven.runtime_3.9.900.20240824-1409\jars\guice-5.1.0.jar
2024-11-13 19:04:11,080 [Worker-12: Launching mavenrun-05477ca0-8cb6-4845-912e-d348b8493298] INFO  o.eclipse.m2e.core.internal.Bundles - 	Entry: C:\Users\Asus\.p2\pool\plugins\org.eclipse.m2e.maven.runtime_3.9.900.20240824-1409\jars\httpclient-4.5.14.jar
2024-11-13 19:04:11,081 [Worker-12: Launching mavenrun-05477ca0-8cb6-4845-912e-d348b8493298] INFO  o.eclipse.m2e.core.internal.Bundles - 	Entry: C:\Users\Asus\.p2\pool\plugins\org.eclipse.m2e.maven.runtime_3.9.900.20240824-1409\jars\httpcore-4.4.16.jar
2024-11-13 19:04:11,081 [Worker-12: Launching mavenrun-05477ca0-8cb6-4845-912e-d348b8493298] INFO  o.eclipse.m2e.core.internal.Bundles - 	Entry: C:\Users\Asus\.p2\pool\plugins\org.eclipse.m2e.maven.runtime_3.9.900.20240824-1409\jars\jansi-2.4.1.jar
2024-11-13 19:04:11,081 [Worker-12: Launching mavenrun-05477ca0-8cb6-4845-912e-d348b8493298] INFO  o.eclipse.m2e.core.internal.Bundles - 	Entry: C:\Users\Asus\.p2\pool\plugins\org.eclipse.m2e.maven.runtime_3.9.900.20240824-1409\jars\jcl-over-slf4j-1.7.36.jar
2024-11-13 19:04:11,081 [Worker-12: Launching mavenrun-05477ca0-8cb6-4845-912e-d348b8493298] INFO  o.eclipse.m2e.core.internal.Bundles - 	Entry: C:\Users\Asus\.p2\pool\plugins\org.eclipse.m2e.maven.runtime_3.9.900.20240824-1409\jars\maven-artifact-3.9.9.jar
2024-11-13 19:04:11,081 [Worker-12: Launching mavenrun-05477ca0-8cb6-4845-912e-d348b8493298] INFO  o.eclipse.m2e.core.internal.Bundles - 	Entry: C:\Users\Asus\.p2\pool\plugins\org.eclipse.m2e.maven.runtime_3.9.900.20240824-1409\jars\maven-builder-support-3.9.9.jar
2024-11-13 19:04:11,082 [Worker-12: Launching mavenrun-05477ca0-8cb6-4845-912e-d348b8493298] INFO  o.eclipse.m2e.core.internal.Bundles - 	Entry: C:\Users\Asus\.p2\pool\plugins\org.eclipse.m2e.maven.runtime_3.9.900.20240824-1409\jars\maven-compat-3.9.9.jar
2024-11-13 19:04:11,082 [Worker-12: Launching mavenrun-05477ca0-8cb6-4845-912e-d348b8493298] INFO  o.eclipse.m2e.core.internal.Bundles - 	Entry: C:\Users\Asus\.p2\pool\plugins\org.eclipse.m2e.maven.runtime_3.9.900.20240824-1409\jars\maven-core-3.9.9.jar
2024-11-13 19:04:11,082 [Worker-12: Launching mavenrun-05477ca0-8cb6-4845-912e-d348b8493298] INFO  o.eclipse.m2e.core.internal.Bundles - 	Entry: C:\Users\Asus\.p2\pool\plugins\org.eclipse.m2e.maven.runtime_3.9.900.20240824-1409\jars\maven-embedder-3.9.9.jar
2024-11-13 19:04:11,082 [Worker-12: Launching mavenrun-05477ca0-8cb6-4845-912e-d348b8493298] INFO  o.eclipse.m2e.core.internal.Bundles - 	Entry: C:\Users\Asus\.p2\pool\plugins\org.eclipse.m2e.maven.runtime_3.9.900.20240824-1409\jars\maven-model-3.9.9.jar
2024-11-13 19:04:11,083 [Worker-12: Launching mavenrun-05477ca0-8cb6-4845-912e-d348b8493298] INFO  o.eclipse.m2e.core.internal.Bundles - 	Entry: C:\Users\Asus\.p2\pool\plugins\org.eclipse.m2e.maven.runtime_3.9.900.20240824-1409\jars\maven-model-builder-3.9.9.jar
2024-11-13 19:04:11,083 [Worker-12: Launching mavenrun-05477ca0-8cb6-4845-912e-d348b8493298] INFO  o.eclipse.m2e.core.internal.Bundles - 	Entry: C:\Users\Asus\.p2\pool\plugins\org.eclipse.m2e.maven.runtime_3.9.900.20240824-1409\jars\maven-plugin-api-3.9.9.jar
2024-11-13 19:04:11,083 [Worker-12: Launching mavenrun-05477ca0-8cb6-4845-912e-d348b8493298] INFO  o.eclipse.m2e.core.internal.Bundles - 	Entry: C:\Users\Asus\.p2\pool\plugins\org.eclipse.m2e.maven.runtime_3.9.900.20240824-1409\jars\maven-repository-metadata-3.9.9.jar
2024-11-13 19:04:11,083 [Worker-12: Launching mavenrun-05477ca0-8cb6-4845-912e-d348b8493298] INFO  o.eclipse.m2e.core.internal.Bundles - 	Entry: C:\Users\Asus\.p2\pool\plugins\org.eclipse.m2e.maven.runtime_3.9.900.20240824-1409\jars\maven-resolver-api-1.9.22.jar
2024-11-13 19:04:11,083 [Worker-12: Launching mavenrun-05477ca0-8cb6-4845-912e-d348b8493298] INFO  o.eclipse.m2e.core.internal.Bundles - 	Entry: C:\Users\Asus\.p2\pool\plugins\org.eclipse.m2e.maven.runtime_3.9.900.20240824-1409\jars\maven-resolver-connector-basic-1.9.22.jar
2024-11-13 19:04:11,083 [Worker-12: Launching mavenrun-05477ca0-8cb6-4845-912e-d348b8493298] INFO  o.eclipse.m2e.core.internal.Bundles - 	Entry: C:\Users\Asus\.p2\pool\plugins\org.eclipse.m2e.maven.runtime_3.9.900.20240824-1409\jars\maven-resolver-impl-1.9.22.jar
2024-11-13 19:04:11,083 [Worker-12: Launching mavenrun-05477ca0-8cb6-4845-912e-d348b8493298] INFO  o.eclipse.m2e.core.internal.Bundles - 	Entry: C:\Users\Asus\.p2\pool\plugins\org.eclipse.m2e.maven.runtime_3.9.900.20240824-1409\jars\maven-resolver-named-locks-1.9.22.jar
2024-11-13 19:04:11,083 [Worker-12: Launching mavenrun-05477ca0-8cb6-4845-912e-d348b8493298] INFO  o.eclipse.m2e.core.internal.Bundles - 	Entry: C:\Users\Asus\.p2\pool\plugins\org.eclipse.m2e.maven.runtime_3.9.900.20240824-1409\jars\maven-resolver-provider-3.9.9.jar
2024-11-13 19:04:11,084 [Worker-12: Launching mavenrun-05477ca0-8cb6-4845-912e-d348b8493298] INFO  o.eclipse.m2e.core.internal.Bundles - 	Entry: C:\Users\Asus\.p2\pool\plugins\org.eclipse.m2e.maven.runtime_3.9.900.20240824-1409\jars\maven-resolver-spi-1.9.22.jar
2024-11-13 19:04:11,084 [Worker-12: Launching mavenrun-05477ca0-8cb6-4845-912e-d348b8493298] INFO  o.eclipse.m2e.core.internal.Bundles - 	Entry: C:\Users\Asus\.p2\pool\plugins\org.eclipse.m2e.maven.runtime_3.9.900.20240824-1409\jars\maven-resolver-transport-file-1.9.22.jar
2024-11-13 19:04:11,084 [Worker-12: Launching mavenrun-05477ca0-8cb6-4845-912e-d348b8493298] INFO  o.eclipse.m2e.core.internal.Bundles - 	Entry: C:\Users\Asus\.p2\pool\plugins\org.eclipse.m2e.maven.runtime_3.9.900.20240824-1409\jars\maven-resolver-transport-http-1.9.22.jar
2024-11-13 19:04:11,084 [Worker-12: Launching mavenrun-05477ca0-8cb6-4845-912e-d348b8493298] INFO  o.eclipse.m2e.core.internal.Bundles - 	Entry: C:\Users\Asus\.p2\pool\plugins\org.eclipse.m2e.maven.runtime_3.9.900.20240824-1409\jars\maven-resolver-transport-wagon-1.9.22.jar
2024-11-13 19:04:11,084 [Worker-12: Launching mavenrun-05477ca0-8cb6-4845-912e-d348b8493298] INFO  o.eclipse.m2e.core.internal.Bundles - 	Entry: C:\Users\Asus\.p2\pool\plugins\org.eclipse.m2e.maven.runtime_3.9.900.20240824-1409\jars\maven-resolver-util-1.9.22.jar
2024-11-13 19:04:11,085 [Worker-12: Launching mavenrun-05477ca0-8cb6-4845-912e-d348b8493298] INFO  o.eclipse.m2e.core.internal.Bundles - 	Entry: C:\Users\Asus\.p2\pool\plugins\org.eclipse.m2e.maven.runtime_3.9.900.20240824-1409\jars\maven-settings-3.9.9.jar
2024-11-13 19:04:11,085 [Worker-12: Launching mavenrun-05477ca0-8cb6-4845-912e-d348b8493298] INFO  o.eclipse.m2e.core.internal.Bundles - 	Entry: C:\Users\Asus\.p2\pool\plugins\org.eclipse.m2e.maven.runtime_3.9.900.20240824-1409\jars\maven-settings-builder-3.9.9.jar
2024-11-13 19:04:11,085 [Worker-12: Launching mavenrun-05477ca0-8cb6-4845-912e-d348b8493298] INFO  o.eclipse.m2e.core.internal.Bundles - 	Entry: C:\Users\Asus\.p2\pool\plugins\org.eclipse.m2e.maven.runtime_3.9.900.20240824-1409\jars\maven-shared-utils-3.4.2.jar
2024-11-13 19:04:11,085 [Worker-12: Launching mavenrun-05477ca0-8cb6-4845-912e-d348b8493298] INFO  o.eclipse.m2e.core.internal.Bundles - 	Entry: C:\Users\Asus\.p2\pool\plugins\org.eclipse.m2e.maven.runtime_3.9.900.20240824-1409\jars\org.eclipse.sisu.inject-0.9.0.M3.jar
2024-11-13 19:04:11,085 [Worker-12: Launching mavenrun-05477ca0-8cb6-4845-912e-d348b8493298] INFO  o.eclipse.m2e.core.internal.Bundles - 	Entry: C:\Users\Asus\.p2\pool\plugins\org.eclipse.m2e.maven.runtime_3.9.900.20240824-1409\jars\org.eclipse.sisu.plexus-0.9.0.M3.jar
2024-11-13 19:04:11,085 [Worker-12: Launching mavenrun-05477ca0-8cb6-4845-912e-d348b8493298] INFO  o.eclipse.m2e.core.internal.Bundles - 	Entry: C:\Users\Asus\.p2\pool\plugins\org.eclipse.m2e.maven.runtime_3.9.900.20240824-1409\jars\plexus-build-api-0.0.7.jar
2024-11-13 19:04:11,086 [Worker-12: Launching mavenrun-05477ca0-8cb6-4845-912e-d348b8493298] INFO  o.eclipse.m2e.core.internal.Bundles - 	Entry: C:\Users\Asus\.p2\pool\plugins\org.eclipse.m2e.maven.runtime_3.9.900.20240824-1409\jars\plexus-build-api-1.2.0.jar
2024-11-13 19:04:11,086 [Worker-12: Launching mavenrun-05477ca0-8cb6-4845-912e-d348b8493298] INFO  o.eclipse.m2e.core.internal.Bundles - 	Entry: C:\Users\Asus\.p2\pool\plugins\org.eclipse.m2e.maven.runtime_3.9.900.20240824-1409\jars\plexus-cipher-2.0.jar
2024-11-13 19:04:11,086 [Worker-12: Launching mavenrun-05477ca0-8cb6-4845-912e-d348b8493298] INFO  o.eclipse.m2e.core.internal.Bundles - 	Entry: C:\Users\Asus\.p2\pool\plugins\org.eclipse.m2e.maven.runtime_3.9.900.20240824-1409\jars\plexus-classworlds-2.8.0.jar
2024-11-13 19:04:11,086 [Worker-12: Launching mavenrun-05477ca0-8cb6-4845-912e-d348b8493298] INFO  o.eclipse.m2e.core.internal.Bundles - 	Entry: C:\Users\Asus\.p2\pool\plugins\org.eclipse.m2e.maven.runtime_3.9.900.20240824-1409\jars\plexus-component-annotations-2.1.0.jar
2024-11-13 19:04:11,086 [Worker-12: Launching mavenrun-05477ca0-8cb6-4845-912e-d348b8493298] INFO  o.eclipse.m2e.core.internal.Bundles - 	Entry: C:\Users\Asus\.p2\pool\plugins\org.eclipse.m2e.maven.runtime_3.9.900.20240824-1409\jars\plexus-interpolation-1.27.jar
2024-11-13 19:04:11,086 [Worker-12: Launching mavenrun-05477ca0-8cb6-4845-912e-d348b8493298] INFO  o.eclipse.m2e.core.internal.Bundles - 	Entry: C:\Users\Asus\.p2\pool\plugins\org.eclipse.m2e.maven.runtime_3.9.900.20240824-1409\jars\plexus-sec-dispatcher-2.0.jar
2024-11-13 19:04:11,086 [Worker-12: Launching mavenrun-05477ca0-8cb6-4845-912e-d348b8493298] INFO  o.eclipse.m2e.core.internal.Bundles - 	Entry: C:\Users\Asus\.p2\pool\plugins\org.eclipse.m2e.maven.runtime_3.9.900.20240824-1409\jars\plexus-utils-3.5.1.jar
2024-11-13 19:04:11,087 [Worker-12: Launching mavenrun-05477ca0-8cb6-4845-912e-d348b8493298] INFO  o.eclipse.m2e.core.internal.Bundles - 	Entry: C:\Users\Asus\.p2\pool\plugins\org.eclipse.m2e.maven.runtime_3.9.900.20240824-1409\jars\plexus-xml-3.0.1.jar
2024-11-13 19:04:11,087 [Worker-12: Launching mavenrun-05477ca0-8cb6-4845-912e-d348b8493298] INFO  o.eclipse.m2e.core.internal.Bundles - 	Entry: C:\Users\Asus\.p2\pool\plugins\org.eclipse.m2e.maven.runtime_3.9.900.20240824-1409\jars\wagon-file-3.5.3.jar
2024-11-13 19:04:11,087 [Worker-12: Launching mavenrun-05477ca0-8cb6-4845-912e-d348b8493298] INFO  o.eclipse.m2e.core.internal.Bundles - 	Entry: C:\Users\Asus\.p2\pool\plugins\org.eclipse.m2e.maven.runtime_3.9.900.20240824-1409\jars\wagon-http-3.5.3.jar
2024-11-13 19:04:11,087 [Worker-12: Launching mavenrun-05477ca0-8cb6-4845-912e-d348b8493298] INFO  o.eclipse.m2e.core.internal.Bundles - 	Entry: C:\Users\Asus\.p2\pool\plugins\org.eclipse.m2e.maven.runtime_3.9.900.20240824-1409\jars\wagon-http-shared-3.5.3.jar
2024-11-13 19:04:11,087 [Worker-12: Launching mavenrun-05477ca0-8cb6-4845-912e-d348b8493298] INFO  o.eclipse.m2e.core.internal.Bundles - 	Entry: C:\Users\Asus\.p2\pool\plugins\org.eclipse.m2e.maven.runtime_3.9.900.20240824-1409\jars\wagon-provider-api-3.5.3.jar
2024-11-13 19:04:11,089 [Worker-12: Launching mavenrun-05477ca0-8cb6-4845-912e-d348b8493298] INFO  o.eclipse.m2e.core.internal.Bundles - getClasspathEntries(Bundle=com.google.guava_33.3.0.jre [10])
2024-11-13 19:04:11,090 [Worker-12: Launching mavenrun-05477ca0-8cb6-4845-912e-d348b8493298] INFO  o.eclipse.m2e.core.internal.Bundles - 	Entry: C:\Users\Asus\.p2\pool\plugins\com.google.guava_33.3.0.jre.jar
2024-11-13 19:04:11,090 [Worker-12: Launching mavenrun-05477ca0-8cb6-4845-912e-d348b8493298] INFO  o.eclipse.m2e.core.internal.Bundles - getClasspathEntries(Bundle=slf4j.api_2.0.16 [519])
2024-11-13 19:04:11,090 [Worker-12: Launching mavenrun-05477ca0-8cb6-4845-912e-d348b8493298] INFO  o.eclipse.m2e.core.internal.Bundles - 	Entry: C:\Users\Asus\.p2\pool\plugins\slf4j.api_2.0.16.jar
2024-11-13 19:04:11,090 [Worker-12: Launching mavenrun-05477ca0-8cb6-4845-912e-d348b8493298] INFO  o.eclipse.m2e.core.internal.Bundles - getClasspathEntries(Bundle=jakarta.inject.jakarta.inject-api_1.0.5 [22])
2024-11-13 19:04:11,091 [Worker-12: Launching mavenrun-05477ca0-8cb6-4845-912e-d348b8493298] INFO  o.eclipse.m2e.core.internal.Bundles - 	Entry: C:\Users\Asus\.p2\pool\plugins\jakarta.inject.jakarta.inject-api_1.0.5.jar
2024-11-13 19:04:11,091 [Worker-12: Launching mavenrun-05477ca0-8cb6-4845-912e-d348b8493298] INFO  o.eclipse.m2e.core.internal.Bundles - getClasspathEntries(Bundle=jakarta.annotation-api_1.3.5 [20])
2024-11-13 19:04:11,091 [Worker-12: Launching mavenrun-05477ca0-8cb6-4845-912e-d348b8493298] INFO  o.eclipse.m2e.core.internal.Bundles - 	Entry: C:\Users\Asus\.p2\pool\plugins\jakarta.annotation-api_1.3.5.jar
2024-11-13 19:04:11,091 [Worker-12: Launching mavenrun-05477ca0-8cb6-4845-912e-d348b8493298] INFO  o.eclipse.m2e.core.internal.Bundles - getClasspathEntries(Bundle=org.apache.commons.cli_1.9.0 [47])
2024-11-13 19:04:11,092 [Worker-12: Launching mavenrun-05477ca0-8cb6-4845-912e-d348b8493298] INFO  o.eclipse.m2e.core.internal.Bundles - 	Entry: C:\Users\Asus\.p2\pool\plugins\org.apache.commons.cli_1.9.0.jar
2024-11-13 19:04:11,092 [Worker-12: Launching mavenrun-05477ca0-8cb6-4845-912e-d348b8493298] INFO  o.eclipse.m2e.core.internal.Bundles - getClasspathEntries(Bundle=org.apache.commons.commons-codec_1.16.0 [50])
2024-11-13 19:04:11,092 [Worker-12: Launching mavenrun-05477ca0-8cb6-4845-912e-d348b8493298] INFO  o.eclipse.m2e.core.internal.Bundles - 	Entry: C:\Users\Asus\.p2\pool\plugins\org.apache.commons.commons-codec_1.16.0.jar
2024-11-13 19:04:11,092 [Worker-12: Launching mavenrun-05477ca0-8cb6-4845-912e-d348b8493298] INFO  o.eclipse.m2e.core.internal.Bundles - getClasspathEntries(Bundle=com.google.guava.failureaccess_1.0.2 [11])
2024-11-13 19:04:11,093 [Worker-12: Launching mavenrun-05477ca0-8cb6-4845-912e-d348b8493298] INFO  o.eclipse.m2e.core.internal.Bundles - 	Entry: C:\Users\Asus\.p2\pool\plugins\com.google.guava.failureaccess_1.0.2.jar
2024-11-13 19:04:11,176 [Worker-12: Launching mavenrun-05477ca0-8cb6-4845-912e-d348b8493298] INFO  o.e.m.i.launch.MavenLaunchDelegate - Run build in "C:\Users\Asus\AppData\Local\Temp\m2e-archetypeGenerator5512591543352670913":
2024-11-13 19:04:11,180 [Worker-12: Launching mavenrun-05477ca0-8cb6-4845-912e-d348b8493298] INFO  o.e.m.i.launch.MavenLaunchDelegate -  mvn  -DarchetypeGroupId=org.apache.maven.archetypes -DarchetypeArtifactId=maven-archetype-webapp -DarchetypeVersion=1.0 -DgroupId=com.languageplatform -DartifactId=language-learning -Dversion=0.0.1-SNAPSHOT -Dpackage=com.languageplatform.language_learning -DoutputDirectory=D:\learning -Dstyle.color=always -U archetype:generate
2024-11-13 19:04:23,070 [Worker-10: Creating maven-archetype-webapp] INFO  o.e.m.c.i.p.ProjectConfigurationManager - Collecting project info '/pom.xml' D:\learning\language-learning\pom.xml
2024-11-13 19:04:24,033 [Worker-10: Creating maven-archetype-webapp] INFO  o.e.m.c.i.l.LifecycleMappingFactory - Using org.maven.ide.eclipse.wtp.WarLifecycleMapping lifecycle mapping for MavenProject: com.languageplatform:language-learning:0.0.1-SNAPSHOT @ D:\learning\language-learning\pom.xml.
2024-11-13 19:04:25,380 [Worker-10: Creating maven-archetype-webapp] INFO  o.e.m.j.i.AbstractJavaProjectConfigurator - Adding source folder /language-learning/src/main/java
2024-11-13 19:04:25,382 [Worker-10: Creating maven-archetype-webapp] INFO  o.e.m.j.i.AbstractJavaProjectConfigurator - Adding resource folder /language-learning/src/main/resources
2024-11-13 19:04:25,383 [Worker-10: Creating maven-archetype-webapp] INFO  o.e.m.j.i.AbstractJavaProjectConfigurator - Adding source folder /language-learning/src/test/java
2024-11-13 19:04:25,384 [Worker-10: Creating maven-archetype-webapp] INFO  o.e.m.j.i.AbstractJavaProjectConfigurator - Adding resource folder /language-learning/src/test/resources
2024-11-13 19:04:31,442 [Worker-10: Creating maven-archetype-webapp] INFO  o.e.m.c.i.p.ProjectConfigurationManager - Imported and configured 1 project(s) in 8 sec
2024-11-13 19:04:33,290 [Worker-9: Building] WARN  o.a.m.s.f.DefaultMavenResourcesFiltering - Using platform encoding (UTF-8 actually) to copy filtered resources, i.e. build is platform dependent!
2024-11-13 19:04:33,306 [Worker-9: Building] INFO  o.a.m.s.f.DefaultMavenResourcesFiltering - Copying 0 resource from src\main\resources to target\classes
2024-11-13 19:04:33,311 [Worker-9: Building] WARN  o.a.m.s.f.DefaultMavenResourcesFiltering - Using platform encoding (UTF-8 actually) to copy filtered resources, i.e. build is platform dependent!
2024-11-13 19:04:33,312 [Worker-9: Building] INFO  o.a.m.s.f.DefaultMavenResourcesFiltering - skip non existing resourceDirectory D:\learning\language-learning\src\test\resources
2024-11-13 19:05:46,915 [Worker-4: Building] INFO  o.e.m.c.i.l.LifecycleMappingFactory - Using org.maven.ide.eclipse.wtp.WarLifecycleMapping lifecycle mapping for MavenProject: com.languageplatform:language-learning:0.0.1-SNAPSHOT @ D:\learning\language-learning\pom.xml.
2024-11-13 19:05:47,733 [Worker-4: Building] WARN  o.a.m.s.f.DefaultMavenResourcesFiltering - Using platform encoding (UTF-8 actually) to copy filtered resources, i.e. build is platform dependent!
2024-11-13 19:05:47,737 [Worker-4: Building] INFO  o.a.m.s.f.DefaultMavenResourcesFiltering - Copying 0 resource from src\main\resources to target\classes
2024-11-13 19:05:47,743 [Worker-4: Building] WARN  o.a.m.s.f.DefaultMavenResourcesFiltering - Using platform encoding (UTF-8 actually) to copy filtered resources, i.e. build is platform dependent!
2024-11-13 19:05:47,744 [Worker-4: Building] INFO  o.a.m.s.f.DefaultMavenResourcesFiltering - skip non existing resourceDirectory D:\learning\language-learning\src\test\resources
2024-11-13 19:05:47,746 [Worker-4: Building] INFO  o.e.m.w.i.f.ResourceFilteringBuildParticipant - Changed resources require a complete clean of filtered resources of language-learning
2024-11-13 19:05:47,748 [Worker-4: Building] INFO  o.e.m.w.i.f.ResourceFilteringBuildParticipant - Executing resource filtering for language-learning
2024-11-13 19:06:01,499 [Worker-6: Updating Maven Project] INFO  o.e.m.c.i.p.ProjectConfigurationManager - Update started
2024-11-13 19:06:01,790 [Worker-6: Updating Maven Project] INFO  o.e.m.c.i.l.LifecycleMappingFactory - Using org.maven.ide.eclipse.wtp.WarLifecycleMapping lifecycle mapping for MavenProject: com.languageplatform:language-learning:0.0.1-SNAPSHOT @ D:\learning\language-learning\pom.xml.
2024-11-13 19:06:02,703 [Worker-6: Updating Maven Project] INFO  o.e.m.j.i.AbstractJavaProjectConfigurator - Adding source folder /language-learning/src/main/java
2024-11-13 19:06:02,705 [Worker-6: Updating Maven Project] INFO  o.e.m.j.i.AbstractJavaProjectConfigurator - Adding resource folder /language-learning/src/main/resources
2024-11-13 19:06:02,706 [Worker-6: Updating Maven Project] INFO  o.e.m.j.i.AbstractJavaProjectConfigurator - Adding source folder /language-learning/src/test/java
2024-11-13 19:06:02,707 [Worker-6: Updating Maven Project] INFO  o.e.m.j.i.AbstractJavaProjectConfigurator - Adding resource folder /language-learning/src/test/resources
2024-11-13 19:06:04,044 [Worker-6: Updating Maven Project] INFO  o.e.m.w.i.f.ResourceFilteringBuildParticipant - Cleaning filtered folder for language-learning
2024-11-13 19:06:04,061 [Worker-6: Updating Maven Project] INFO  o.e.m.c.i.p.ProjectConfigurationManager - Update completed for 1 poms: local refresh takes 0.00 sec, refresh facades takes 1.00 sec, update config takes 1.00 sec 
2024-11-13 19:06:04,139 [Worker-6: Building Project language-learning] WARN  o.a.m.s.f.DefaultMavenResourcesFiltering - Using platform encoding (UTF-8 actually) to copy filtered resources, i.e. build is platform dependent!
2024-11-13 19:06:04,141 [Worker-6: Building Project language-learning] INFO  o.a.m.s.f.DefaultMavenResourcesFiltering - Copying 0 resource from src\main\resources to target\classes
2024-11-13 19:06:04,146 [Worker-6: Building Project language-learning] WARN  o.a.m.s.f.DefaultMavenResourcesFiltering - Using platform encoding (UTF-8 actually) to copy filtered resources, i.e. build is platform dependent!
2024-11-13 19:06:04,148 [Worker-6: Building Project language-learning] INFO  o.a.m.s.f.DefaultMavenResourcesFiltering - skip non existing resourceDirectory D:\learning\language-learning\src\test\resources
2024-11-13 19:06:04,148 [Worker-6: Building Project language-learning] INFO  o.e.m.w.i.f.ResourceFilteringBuildParticipant - Changed resources require a complete clean of filtered resources of language-learning
2024-11-13 19:06:04,148 [Worker-6: Building Project language-learning] INFO  o.e.m.w.i.f.ResourceFilteringBuildParticipant - Executing resource filtering for language-learning
2024-11-13 19:11:50,461 [Worker-13: Building] WARN  o.a.m.s.f.DefaultMavenResourcesFiltering - Using platform encoding (UTF-8 actually) to copy filtered resources, i.e. build is platform dependent!
2024-11-13 19:11:50,471 [Worker-13: Building] INFO  o.a.m.s.f.DefaultMavenResourcesFiltering - Copying 0 resource from src\main\resources to target\classes
2024-11-13 19:11:50,476 [Worker-13: Building] WARN  o.a.m.s.f.DefaultMavenResourcesFiltering - Using platform encoding (UTF-8 actually) to copy filtered resources, i.e. build is platform dependent!
2024-11-13 19:11:50,477 [Worker-13: Building] INFO  o.a.m.s.f.DefaultMavenResourcesFiltering - skip non existing resourceDirectory D:\learning\language-learning\src\test\resources
2024-11-13 19:18:37,678 [Worker-6: Building] WARN  o.a.m.s.f.DefaultMavenResourcesFiltering - Using platform encoding (UTF-8 actually) to copy filtered resources, i.e. build is platform dependent!
2024-11-13 19:18:37,684 [Worker-6: Building] INFO  o.a.m.s.f.DefaultMavenResourcesFiltering - Copying 0 resource from src\main\resources to target\classes
2024-11-13 19:18:37,689 [Worker-6: Building] WARN  o.a.m.s.f.DefaultMavenResourcesFiltering - Using platform encoding (UTF-8 actually) to copy filtered resources, i.e. build is platform dependent!
2024-11-13 19:18:37,690 [Worker-6: Building] INFO  o.a.m.s.f.DefaultMavenResourcesFiltering - skip non existing resourceDirectory D:\learning\language-learning\src\test\resources
2024-11-13 19:25:27,883 [Worker-6: Building] WARN  o.a.m.s.f.DefaultMavenResourcesFiltering - Using platform encoding (UTF-8 actually) to copy filtered resources, i.e. build is platform dependent!
2024-11-13 19:25:27,893 [Worker-6: Building] INFO  o.a.m.s.f.DefaultMavenResourcesFiltering - Copying 0 resource from src\main\resources to target\classes
2024-11-13 19:25:27,896 [Worker-6: Building] WARN  o.a.m.s.f.DefaultMavenResourcesFiltering - Using platform encoding (UTF-8 actually) to copy filtered resources, i.e. build is platform dependent!
2024-11-13 19:25:27,898 [Worker-6: Building] INFO  o.a.m.s.f.DefaultMavenResourcesFiltering - skip non existing resourceDirectory D:\learning\language-learning\src\test\resources
2024-11-13 19:34:01,534 [Worker-13: Building] WARN  o.a.m.s.f.DefaultMavenResourcesFiltering - Using platform encoding (UTF-8 actually) to copy filtered resources, i.e. build is platform dependent!
2024-11-13 19:34:01,537 [Worker-13: Building] INFO  o.a.m.s.f.DefaultMavenResourcesFiltering - Copying 0 resource from src\main\resources to target\classes
2024-11-13 19:34:01,540 [Worker-13: Building] WARN  o.a.m.s.f.DefaultMavenResourcesFiltering - Using platform encoding (UTF-8 actually) to copy filtered resources, i.e. build is platform dependent!
2024-11-13 19:34:01,542 [Worker-13: Building] INFO  o.a.m.s.f.DefaultMavenResourcesFiltering - Copying 0 resource from src\test\resources to target\test-classes
2024-11-13 19:40:37,913 [Worker-20: Building] WARN  o.a.m.s.f.DefaultMavenResourcesFiltering - Using platform encoding (UTF-8 actually) to copy filtered resources, i.e. build is platform dependent!
2024-11-13 19:40:37,921 [Worker-20: Building] INFO  o.a.m.s.f.DefaultMavenResourcesFiltering - Copying 0 resource from src\main\resources to target\classes
2024-11-13 19:40:37,925 [Worker-20: Building] WARN  o.a.m.s.f.DefaultMavenResourcesFiltering - Using platform encoding (UTF-8 actually) to copy filtered resources, i.e. build is platform dependent!
2024-11-13 19:40:37,937 [Worker-20: Building] INFO  o.a.m.s.f.DefaultMavenResourcesFiltering - Copying 0 resource from src\test\resources to target\test-classes
2024-11-13 19:43:44,349 [Worker-21: Building] WARN  o.a.m.s.f.DefaultMavenResourcesFiltering - Using platform encoding (UTF-8 actually) to copy filtered resources, i.e. build is platform dependent!
2024-11-13 19:43:44,351 [Worker-21: Building] INFO  o.a.m.s.f.DefaultMavenResourcesFiltering - Copying 0 resource from src\main\resources to target\classes
2024-11-13 19:43:44,355 [Worker-21: Building] WARN  o.a.m.s.f.DefaultMavenResourcesFiltering - Using platform encoding (UTF-8 actually) to copy filtered resources, i.e. build is platform dependent!
2024-11-13 19:43:44,357 [Worker-21: Building] INFO  o.a.m.s.f.DefaultMavenResourcesFiltering - Copying 0 resource from src\test\resources to target\test-classes
2024-11-13 19:58:02,155 [Worker-24: Building] WARN  o.a.m.s.f.DefaultMavenResourcesFiltering - Using platform encoding (UTF-8 actually) to copy filtered resources, i.e. build is platform dependent!
2024-11-13 19:58:02,156 [Worker-24: Building] INFO  o.a.m.s.f.DefaultMavenResourcesFiltering - Copying 0 resource from src\main\resources to target\classes
2024-11-13 19:58:02,159 [Worker-24: Building] WARN  o.a.m.s.f.DefaultMavenResourcesFiltering - Using platform encoding (UTF-8 actually) to copy filtered resources, i.e. build is platform dependent!
2024-11-13 19:58:02,162 [Worker-24: Building] INFO  o.a.m.s.f.DefaultMavenResourcesFiltering - Copying 0 resource from src\test\resources to target\test-classes
2024-11-13 20:06:39,283 [Worker-23: Building] WARN  o.a.m.s.f.DefaultMavenResourcesFiltering - Using platform encoding (UTF-8 actually) to copy filtered resources, i.e. build is platform dependent!
2024-11-13 20:06:39,285 [Worker-23: Building] INFO  o.a.m.s.f.DefaultMavenResourcesFiltering - Copying 0 resource from src\main\resources to target\classes
2024-11-13 20:06:39,289 [Worker-23: Building] WARN  o.a.m.s.f.DefaultMavenResourcesFiltering - Using platform encoding (UTF-8 actually) to copy filtered resources, i.e. build is platform dependent!
2024-11-13 20:06:39,292 [Worker-23: Building] INFO  o.a.m.s.f.DefaultMavenResourcesFiltering - Copying 0 resource from src\test\resources to target\test-classes
2024-11-13 20:13:58,749 [Worker-26: Building] WARN  o.a.m.s.f.DefaultMavenResourcesFiltering - Using platform encoding (UTF-8 actually) to copy filtered resources, i.e. build is platform dependent!
2024-11-13 20:13:58,751 [Worker-26: Building] INFO  o.a.m.s.f.DefaultMavenResourcesFiltering - Copying 0 resource from src\main\resources to target\classes
2024-11-13 20:13:58,753 [Worker-26: Building] WARN  o.a.m.s.f.DefaultMavenResourcesFiltering - Using platform encoding (UTF-8 actually) to copy filtered resources, i.e. build is platform dependent!
2024-11-13 20:13:58,754 [Worker-26: Building] INFO  o.a.m.s.f.DefaultMavenResourcesFiltering - Copying 0 resource from src\test\resources to target\test-classes
2024-11-13 20:16:13,696 [Worker-27: Building] WARN  o.a.m.s.f.DefaultMavenResourcesFiltering - Using platform encoding (UTF-8 actually) to copy filtered resources, i.e. build is platform dependent!
2024-11-13 20:16:13,697 [Worker-27: Building] INFO  o.a.m.s.f.DefaultMavenResourcesFiltering - Copying 0 resource from src\main\resources to target\classes
2024-11-13 20:16:13,699 [Worker-27: Building] WARN  o.a.m.s.f.DefaultMavenResourcesFiltering - Using platform encoding (UTF-8 actually) to copy filtered resources, i.e. build is platform dependent!
2024-11-13 20:16:13,701 [Worker-27: Building] INFO  o.a.m.s.f.DefaultMavenResourcesFiltering - Copying 0 resource from src\test\resources to target\test-classes
2024-11-13 20:18:23,385 [Worker-26: Building] WARN  o.a.m.s.f.DefaultMavenResourcesFiltering - Using platform encoding (UTF-8 actually) to copy filtered resources, i.e. build is platform dependent!
2024-11-13 20:18:23,386 [Worker-26: Building] INFO  o.a.m.s.f.DefaultMavenResourcesFiltering - Copying 0 resource from src\main\resources to target\classes
2024-11-13 20:18:23,388 [Worker-26: Building] WARN  o.a.m.s.f.DefaultMavenResourcesFiltering - Using platform encoding (UTF-8 actually) to copy filtered resources, i.e. build is platform dependent!
2024-11-13 20:18:23,389 [Worker-26: Building] INFO  o.a.m.s.f.DefaultMavenResourcesFiltering - Copying 0 resource from src\test\resources to target\test-classes
2024-11-13 20:21:29,131 [Worker-17: Building] WARN  o.a.m.s.f.DefaultMavenResourcesFiltering - Using platform encoding (UTF-8 actually) to copy filtered resources, i.e. build is platform dependent!
2024-11-13 20:21:29,133 [Worker-17: Building] INFO  o.a.m.s.f.DefaultMavenResourcesFiltering - Copying 0 resource from src\main\resources to target\classes
2024-11-13 20:21:29,135 [Worker-17: Building] WARN  o.a.m.s.f.DefaultMavenResourcesFiltering - Using platform encoding (UTF-8 actually) to copy filtered resources, i.e. build is platform dependent!
2024-11-13 20:21:29,138 [Worker-17: Building] INFO  o.a.m.s.f.DefaultMavenResourcesFiltering - Copying 0 resource from src\test\resources to target\test-classes
2024-11-13 20:23:30,891 [Worker-17: Building] WARN  o.a.m.s.f.DefaultMavenResourcesFiltering - Using platform encoding (UTF-8 actually) to copy filtered resources, i.e. build is platform dependent!
2024-11-13 20:23:30,904 [Worker-17: Building] INFO  o.a.m.s.f.DefaultMavenResourcesFiltering - Copying 0 resource from src\main\resources to target\classes
2024-11-13 20:23:30,906 [Worker-17: Building] WARN  o.a.m.s.f.DefaultMavenResourcesFiltering - Using platform encoding (UTF-8 actually) to copy filtered resources, i.e. build is platform dependent!
2024-11-13 20:23:30,914 [Worker-17: Building] INFO  o.a.m.s.f.DefaultMavenResourcesFiltering - Copying 0 resource from src\test\resources to target\test-classes
2024-11-13 20:32:23,036 [Worker-27: Building] WARN  o.a.m.s.f.DefaultMavenResourcesFiltering - Using platform encoding (UTF-8 actually) to copy filtered resources, i.e. build is platform dependent!
2024-11-13 20:32:23,038 [Worker-27: Building] INFO  o.a.m.s.f.DefaultMavenResourcesFiltering - Copying 0 resource from src\main\resources to target\classes
2024-11-13 20:32:23,041 [Worker-27: Building] WARN  o.a.m.s.f.DefaultMavenResourcesFiltering - Using platform encoding (UTF-8 actually) to copy filtered resources, i.e. build is platform dependent!
2024-11-13 20:32:23,044 [Worker-27: Building] INFO  o.a.m.s.f.DefaultMavenResourcesFiltering - Copying 0 resource from src\test\resources to target\test-classes
